# JRE version: Java(TM) SE Runtime Environment (8.0_131-b11) (build 1.8.0_131-b11)
# Java VM: Java HotSpot(TM) 64-Bit Server VM (25.131-b11 mixed mode windows-amd64 compressed oops)
Heap:
 PSYoungGen      total 432128K, used 416733K [0x00000000d5c00000, 0x00000000f8400000, 0x0000000100000000)
  eden space 411136K, 96% used [0x00000000d5c00000,0x00000000ede7dd20,0x00000000eed80000)
  from space 20992K, 99% used [0x00000000f0800000,0x00000000f1c79a80,0x00000000f1c80000)
  to   space 27136K, 0% used [0x00000000eed80000,0x00000000eed80000,0x00000000f0800000)
 ParOldGen       total 138240K, used 41829K [0x0000000081400000, 0x0000000089b00000, 0x00000000d5c00000)
  object space 138240K, 30% used [0x0000000081400000,0x0000000083cd9790,0x0000000089b00000)
 Metaspace       used 71020K, capacity 74372K, committed 74584K, reserved 1114112K
  class space    used 9729K, capacity 10289K, committed 10328K, reserved 1048576K
GC Heap History (10 events):
Event: 25.571 GC heap before
{Heap before GC invocations=11 (full 2):
 PSYoungGen      total 332800K, used 332163K [0x00000000d5c00000, 0x00000000ebe80000, 0x0000000100000000)
  eden space 317440K, 100% used [0x00000000d5c00000,0x00000000e9200000,0x00000000e9200000)
  from space 15360K, 95% used [0x00000000ea300000,0x00000000eb160d88,0x00000000eb200000)
  to   space 17408K, 0% used [0x00000000e9200000,0x00000000e9200000,0x00000000ea300000)
 ParOldGen       total 93696K, used 20683K [0x0000000081400000, 0x0000000086f80000, 0x00000000d5c00000)
  object space 93696K, 22% used [0x0000000081400000,0x0000000082832de8,0x0000000086f80000)
 Metaspace       used 48305K, capacity 50374K, committed 50560K, reserved 1093632K
  class space    used 6532K, capacity 6913K, committed 7040K, reserved 1048576K
Event: 25.598 GC heap after
Heap after GC invocations=11 (full 2):
 PSYoungGen      total 334848K, used 17377K [0x00000000d5c00000, 0x00000000f1c80000, 0x0000000100000000)
  eden space 317440K, 0% used [0x00000000d5c00000,0x00000000d5c00000,0x00000000e9200000)
  from space 17408K, 99% used [0x00000000e9200000,0x00000000ea2f8458,0x00000000ea300000)
  to   space 20992K, 0% used [0x00000000f0800000,0x00000000f0800000,0x00000000f1c80000)
 ParOldGen       total 93696K, used 24274K [0x0000000081400000, 0x0000000086f80000, 0x00000000d5c00000)
  object space 93696K, 25% used [0x0000000081400000,0x0000000082bb4a60,0x0000000086f80000)
 Metaspace       used 48305K, capacity 50374K, committed 50560K, reserved 1093632K
  class space    used 6532K, capacity 6913K, committed 7040K, reserved 1048576K
}
Event: 27.532 GC heap before
{Heap before GC invocations=12 (full 2):
 PSYoungGen      total 334848K, used 167426K [0x00000000d5c00000, 0x00000000f1c80000, 0x0000000100000000)
  eden space 317440K, 47% used [0x00000000d5c00000,0x00000000dee885d8,0x00000000e9200000)
  from space 17408K, 99% used [0x00000000e9200000,0x00000000ea2f8458,0x00000000ea300000)
  to   space 20992K, 0% used [0x00000000f0800000,0x00000000f0800000,0x00000000f1c80000)
 ParOldGen       total 93696K, used 24274K [0x0000000081400000, 0x0000000086f80000, 0x00000000d5c00000)
  object space 93696K, 25% used [0x0000000081400000,0x0000000082bb4a60,0x0000000086f80000)
 Metaspace       used 56860K, capacity 58922K, committed 59096K, reserved 1099776K
  class space    used 7687K, capacity 8067K, committed 8152K, reserved 1048576K
Event: 27.564 GC heap after
Heap after GC invocations=12 (full 2):
 PSYoungGen      total 435712K, used 20458K [0x00000000d5c00000, 0x00000000f2a00000, 0x0000000100000000)
  eden space 414720K, 0% used [0x00000000d5c00000,0x00000000d5c00000,0x00000000ef100000)
  from space 20992K, 97% used [0x00000000f0800000,0x00000000f1bfa8d0,0x00000000f1c80000)
  to   space 23552K, 0% used [0x00000000ef100000,0x00000000ef100000,0x00000000f0800000)
 ParOldGen       total 93696K, used 29438K [0x0000000081400000, 0x0000000086f80000, 0x00000000d5c00000)
  object space 93696K, 31% used [0x0000000081400000,0x00000000830bfae8,0x0000000086f80000)
 Metaspace       used 56860K, capacity 58922K, committed 59096K, reserved 1099776K
  class space    used 7687K, capacity 8067K, committed 8152K, reserved 1048576K
}
Event: 27.564 GC heap before
{Heap before GC invocations=13 (full 3):
 PSYoungGen      total 435712K, used 20458K [0x00000000d5c00000, 0x00000000f2a00000, 0x0000000100000000)
  eden space 414720K, 0% used [0x00000000d5c00000,0x00000000d5c00000,0x00000000ef100000)
  from space 20992K, 97% used [0x00000000f0800000,0x00000000f1bfa8d0,0x00000000f1c80000)
  to   space 23552K, 0% used [0x00000000ef100000,0x00000000ef100000,0x00000000f0800000)
 ParOldGen       total 93696K, used 29438K [0x0000000081400000, 0x0000000086f80000, 0x00000000d5c00000)
  object space 93696K, 31% used [0x0000000081400000,0x00000000830bfae8,0x0000000086f80000)
 Metaspace       used 56860K, capacity 58922K, committed 59096K, reserved 1099776K
  class space    used 7687K, capacity 8067K, committed 8152K, reserved 1048576K
Event: 27.902 GC heap after
Heap after GC invocations=13 (full 3):
 PSYoungGen      total 435712K, used 0K [0x00000000d5c00000, 0x00000000f2a00000, 0x0000000100000000)
  eden space 414720K, 0% used [0x00000000d5c00000,0x00000000d5c00000,0x00000000ef100000)
  from space 20992K, 0% used [0x00000000f0800000,0x00000000f0800000,0x00000000f1c80000)
  to   space 23552K, 0% used [0x00000000ef100000,0x00000000ef100000,0x00000000f0800000)
 ParOldGen       total 138240K, used 39912K [0x0000000081400000, 0x0000000089b00000, 0x00000000d5c00000)
  object space 138240K, 28% used [0x0000000081400000,0x0000000083afa1d8,0x0000000089b00000)
 Metaspace       used 56860K, capacity 58922K, committed 59096K, reserved 1099776K
  class space    used 7687K, capacity 8067K, committed 8152K, reserved 1048576K
}
Event: 32.667 GC heap before
{Heap before GC invocations=14 (full 3):
 PSYoungGen      total 435712K, used 414720K [0x00000000d5c00000, 0x00000000f2a00000, 0x0000000100000000)
  eden space 414720K, 100% used [0x00000000d5c00000,0x00000000ef100000,0x00000000ef100000)
  from space 20992K, 0% used [0x00000000f0800000,0x00000000f0800000,0x00000000f1c80000)
  to   space 23552K, 0% used [0x00000000ef100000,0x00000000ef100000,0x00000000f0800000)
 ParOldGen       total 138240K, used 39912K [0x0000000081400000, 0x0000000089b00000, 0x00000000d5c00000)
  object space 138240K, 28% used [0x0000000081400000,0x0000000083afa1d8,0x0000000089b00000)
 Metaspace       used 65168K, capacity 67874K, committed 68056K, reserved 1107968K
  class space    used 8847K, capacity 9363K, committed 9432K, reserved 1048576K
Event: 32.768 GC heap after
Heap after GC invocations=14 (full 3):
 PSYoungGen      total 438272K, used 17373K [0x00000000d5c00000, 0x00000000f2a00000, 0x0000000100000000)
  eden space 414720K, 0% used [0x00000000d5c00000,0x00000000d5c00000,0x00000000ef100000)
  from space 23552K, 73% used [0x00000000ef100000,0x00000000f01f7760,0x00000000f0800000)
  to   space 20992K, 0% used [0x00000000f0800000,0x00000000f0800000,0x00000000f1c80000)
 ParOldGen       total 138240K, used 39920K [0x0000000081400000, 0x0000000089b00000, 0x00000000d5c00000)
  object space 138240K, 28% used [0x0000000081400000,0x0000000083afc1d8,0x0000000089b00000)
 Metaspace       used 65168K, capacity 67874K, committed 68056K, reserved 1107968K
  class space    used 8847K, capacity 9363K, committed 9432K, reserved 1048576K
}
Event: 36.863 GC heap before
{Heap before GC invocations=15 (full 3):
 PSYoungGen      total 438272K, used 432093K [0x00000000d5c00000, 0x00000000f2a00000, 0x0000000100000000)
  eden space 414720K, 100% used [0x00000000d5c00000,0x00000000ef100000,0x00000000ef100000)
  from space 23552K, 73% used [0x00000000ef100000,0x00000000f01f7760,0x00000000f0800000)
  to   space 20992K, 0% used [0x00000000f0800000,0x00000000f0800000,0x00000000f1c80000)
 ParOldGen       total 138240K, used 39920K [0x0000000081400000, 0x0000000089b00000, 0x00000000d5c00000)
  object space 138240K, 28% used [0x0000000081400000,0x0000000083afc1d8,0x0000000089b00000)
 Metaspace       used 68059K, capacity 71194K, committed 71384K, reserved 1110016K
  class space    used 9300K, capacity 9848K, committed 9944K, reserved 1048576K
Event: 36.892 GC heap after
Heap after GC invocations=15 (full 3):
 PSYoungGen      total 432128K, used 20966K [0x00000000d5c00000, 0x00000000f8400000, 0x0000000100000000)
  eden space 411136K, 0% used [0x00000000d5c00000,0x00000000d5c00000,0x00000000eed80000)
  from space 20992K, 99% used [0x00000000f0800000,0x00000000f1c79a80,0x00000000f1c80000)
  to   space 27136K, 0% used [0x00000000eed80000,0x00000000eed80000,0x00000000f0800000)
 ParOldGen       total 138240K, used 41829K [0x0000000081400000, 0x0000000089b00000, 0x00000000d5c00000)
  object space 138240K, 30% used [0x0000000081400000,0x0000000083cd9790,0x0000000089b00000)
 Metaspace       used 68059K, capacity 71194K, committed 71384K, reserved 1110016K
  class space    used 9300K, capacity 9848K, committed 9944K, reserved 1048576K
}

